INFO     2022-06-29 19:04:22.023 - Started server process [8]
INFO     2022-06-29 19:04:22.024 - Started server process [8]
INFO     2022-06-29 19:04:22.024 - Started server process [8]
INFO     2022-06-29 19:04:22.024 - Waiting for application startup.
INFO     2022-06-29 19:04:22.025 - Waiting for application startup.
INFO     2022-06-29 19:04:22.025 - Waiting for application startup.
INFO     2022-06-29 19:04:22.026 - Application startup complete.
INFO     2022-06-29 19:04:22.026 - Application startup complete.
INFO     2022-06-29 19:04:22.027 - Application startup complete.
INFO     2022-06-29 19:05:35.142 - 172.21.0.6:45242 - "GET / HTTP/1.1" 302
INFO     2022-06-29 19:05:35.158 - 172.21.0.6:45242 - "GET /docs HTTP/1.1" 200
INFO     2022-06-29 19:05:35.461 - 172.21.0.6:45242 - "GET /openapi.json HTTP/1.1" 200
INFO     2022-06-29 19:11:51.306 - 172.21.0.6:45426 - "POST /tarefa1/ HTTP/1.1" 500
ERROR    2022-06-29 19:11:51.306 - Exception in ASGI application

Traceback (most recent call last):

  File "<string>", line 1, in <module>
  File "/usr/local/lib/python3.10/multiprocessing/spawn.py", line 116, in spawn_main
    exitcode = _main(fd, parent_sentinel)
               │     │   └ 4
               │     └ 7
               └ <function _main at 0x7f0f9d99e830>
  File "/usr/local/lib/python3.10/multiprocessing/spawn.py", line 129, in _main
    return self._bootstrap(parent_sentinel)
           │    │          └ 4
           │    └ <function BaseProcess._bootstrap at 0x7f0f9d999b40>
           └ <SpawnProcess name='SpawnProcess-1' parent=1 started>
  File "/usr/local/lib/python3.10/multiprocessing/process.py", line 315, in _bootstrap
    self.run()
    │    └ <function BaseProcess.run at 0x7f0f9d9991b0>
    └ <SpawnProcess name='SpawnProcess-1' parent=1 started>
  File "/usr/local/lib/python3.10/multiprocessing/process.py", line 108, in run
    self._target(*self._args, **self._kwargs)
    │    │        │    │        │    └ {'config': <uvicorn.config.Config object at 0x7f0f9cc54610>, 'target': <bound method Server.run of <uvicorn.server.Server obj...
    │    │        │    │        └ <SpawnProcess name='SpawnProcess-1' parent=1 started>
    │    │        │    └ ()
    │    │        └ <SpawnProcess name='SpawnProcess-1' parent=1 started>
    │    └ <function subprocess_started at 0x7f0f9cdb1bd0>
    └ <SpawnProcess name='SpawnProcess-1' parent=1 started>
  File "/home/ubuntu/proj-celery-exemplo/.venv/lib/python3.10/site-packages/uvicorn/subprocess.py", line 76, in subprocess_started
    target(sockets=sockets)
    │              └ [<socket.socket fd=3, family=AddressFamily.AF_INET, type=SocketKind.SOCK_STREAM, proto=0, laddr=('0.0.0.0', 8000)>]
    └ <bound method Server.run of <uvicorn.server.Server object at 0x7f0f9cc54550>>
  File "/home/ubuntu/proj-celery-exemplo/.venv/lib/python3.10/site-packages/uvicorn/server.py", line 68, in run
    return asyncio.run(self.serve(sockets=sockets))
           │       │   │    │             └ [<socket.socket fd=3, family=AddressFamily.AF_INET, type=SocketKind.SOCK_STREAM, proto=0, laddr=('0.0.0.0', 8000)>]
           │       │   │    └ <function Server.serve at 0x7f0f9cdb1240>
           │       │   └ <uvicorn.server.Server object at 0x7f0f9cc54550>
           │       └ <function run at 0x7f0f9d787a30>
           └ <module 'asyncio' from '/usr/local/lib/python3.10/asyncio/__init__.py'>
  File "/usr/local/lib/python3.10/asyncio/runners.py", line 44, in run
    return loop.run_until_complete(main)
           │    │                  └ <coroutine object Server.serve at 0x7f0f9cc95770>
           │    └ <method 'run_until_complete' of 'uvloop.loop.Loop' objects>
           └ <uvloop.Loop running=True closed=False debug=False>
> File "/home/ubuntu/proj-celery-exemplo/.venv/lib/python3.10/site-packages/uvicorn/protocols/http/httptools_impl.py", line 375, in run_asgi
    result = await app(self.scope, self.receive, self.send)
                   │   │    │      │    │        │    └ <function RequestResponseCycle.send at 0x7f0f9cb41bd0>
                   │   │    │      │    │        └ <uvicorn.protocols.http.httptools_impl.RequestResponseCycle object at 0x7f0f9b0e30a0>
                   │   │    │      │    └ <function RequestResponseCycle.receive at 0x7f0f9cb41c60>
                   │   │    │      └ <uvicorn.protocols.http.httptools_impl.RequestResponseCycle object at 0x7f0f9b0e30a0>
                   │   │    └ {'type': 'http', 'asgi': {'version': '3.0', 'spec_version': '2.1'}, 'http_version': '1.1', 'server': ('172.21.0.7', 8000), 'c...
                   │   └ <uvicorn.protocols.http.httptools_impl.RequestResponseCycle object at 0x7f0f9b0e30a0>
                   └ <uvicorn.middleware.proxy_headers.ProxyHeadersMiddleware object at 0x7f0f9db8f4c0>
  File "/home/ubuntu/proj-celery-exemplo/.venv/lib/python3.10/site-packages/uvicorn/middleware/proxy_headers.py", line 75, in __call__
    return await self.app(scope, receive, send)
                 │    │   │      │        └ <bound method RequestResponseCycle.send of <uvicorn.protocols.http.httptools_impl.RequestResponseCycle object at 0x7f0f9b0e30...
                 │    │   │      └ <bound method RequestResponseCycle.receive of <uvicorn.protocols.http.httptools_impl.RequestResponseCycle object at 0x7f0f9b0...
                 │    │   └ {'type': 'http', 'asgi': {'version': '3.0', 'spec_version': '2.1'}, 'http_version': '1.1', 'server': ('172.21.0.7', 8000), 'c...
                 │    └ <fastapi.applications.FastAPI object at 0x7f0f9da34fa0>
                 └ <uvicorn.middleware.proxy_headers.ProxyHeadersMiddleware object at 0x7f0f9db8f4c0>
  File "/home/ubuntu/proj-celery-exemplo/.venv/lib/python3.10/site-packages/fastapi/applications.py", line 208, in __call__
    await super().__call__(scope, receive, send)
                           │      │        └ <bound method RequestResponseCycle.send of <uvicorn.protocols.http.httptools_impl.RequestResponseCycle object at 0x7f0f9b0e30...
                           │      └ <bound method RequestResponseCycle.receive of <uvicorn.protocols.http.httptools_impl.RequestResponseCycle object at 0x7f0f9b0...
                           └ {'type': 'http', 'asgi': {'version': '3.0', 'spec_version': '2.1'}, 'http_version': '1.1', 'server': ('172.21.0.7', 8000), 'c...
  File "/home/ubuntu/proj-celery-exemplo/.venv/lib/python3.10/site-packages/starlette/applications.py", line 112, in __call__
    await self.middleware_stack(scope, receive, send)
          │    │                │      │        └ <bound method RequestResponseCycle.send of <uvicorn.protocols.http.httptools_impl.RequestResponseCycle object at 0x7f0f9b0e30...
          │    │                │      └ <bound method RequestResponseCycle.receive of <uvicorn.protocols.http.httptools_impl.RequestResponseCycle object at 0x7f0f9b0...
          │    │                └ {'type': 'http', 'asgi': {'version': '3.0', 'spec_version': '2.1'}, 'http_version': '1.1', 'server': ('172.21.0.7', 8000), 'c...
          │    └ <starlette.middleware.errors.ServerErrorMiddleware object at 0x7f0f9af7cf10>
          └ <fastapi.applications.FastAPI object at 0x7f0f9da34fa0>
  File "/home/ubuntu/proj-celery-exemplo/.venv/lib/python3.10/site-packages/starlette/middleware/errors.py", line 181, in __call__
    raise exc
  File "/home/ubuntu/proj-celery-exemplo/.venv/lib/python3.10/site-packages/starlette/middleware/errors.py", line 159, in __call__
    await self.app(scope, receive, _send)
          │    │   │      │        └ <function ServerErrorMiddleware.__call__.<locals>._send at 0x7f0f9af8a680>
          │    │   │      └ <bound method RequestResponseCycle.receive of <uvicorn.protocols.http.httptools_impl.RequestResponseCycle object at 0x7f0f9b0...
          │    │   └ {'type': 'http', 'asgi': {'version': '3.0', 'spec_version': '2.1'}, 'http_version': '1.1', 'server': ('172.21.0.7', 8000), 'c...
          │    └ <starlette.middleware.cors.CORSMiddleware object at 0x7f0f9af7cb50>
          └ <starlette.middleware.errors.ServerErrorMiddleware object at 0x7f0f9af7cf10>
  File "/home/ubuntu/proj-celery-exemplo/.venv/lib/python3.10/site-packages/starlette/middleware/cors.py", line 92, in __call__
    await self.simple_response(scope, receive, send, request_headers=headers)
          │    │               │      │        │                     └ Headers({'host': 'backend.localhost', 'user-agent': 'Mozilla/5.0 (Windows NT 10.0; Win64; x64) AppleWebKit/537.36 (KHTML, lik...
          │    │               │      │        └ <function ServerErrorMiddleware.__call__.<locals>._send at 0x7f0f9af8a680>
          │    │               │      └ <bound method RequestResponseCycle.receive of <uvicorn.protocols.http.httptools_impl.RequestResponseCycle object at 0x7f0f9b0...
          │    │               └ {'type': 'http', 'asgi': {'version': '3.0', 'spec_version': '2.1'}, 'http_version': '1.1', 'server': ('172.21.0.7', 8000), 'c...
          │    └ <function CORSMiddleware.simple_response at 0x7f0f9b43d1b0>
          └ <starlette.middleware.cors.CORSMiddleware object at 0x7f0f9af7cb50>
  File "/home/ubuntu/proj-celery-exemplo/.venv/lib/python3.10/site-packages/starlette/middleware/cors.py", line 147, in simple_response
    await self.app(scope, receive, send)
          │    │   │      │        └ functools.partial(<bound method CORSMiddleware.send of <starlette.middleware.cors.CORSMiddleware object at 0x7f0f9af7cb50>>, ...
          │    │   │      └ <bound method RequestResponseCycle.receive of <uvicorn.protocols.http.httptools_impl.RequestResponseCycle object at 0x7f0f9b0...
          │    │   └ {'type': 'http', 'asgi': {'version': '3.0', 'spec_version': '2.1'}, 'http_version': '1.1', 'server': ('172.21.0.7', 8000), 'c...
          │    └ <starlette.exceptions.ExceptionMiddleware object at 0x7f0f9af7cac0>
          └ <starlette.middleware.cors.CORSMiddleware object at 0x7f0f9af7cb50>
  File "/home/ubuntu/proj-celery-exemplo/.venv/lib/python3.10/site-packages/starlette/exceptions.py", line 82, in __call__
    raise exc
  File "/home/ubuntu/proj-celery-exemplo/.venv/lib/python3.10/site-packages/starlette/exceptions.py", line 71, in __call__
    await self.app(scope, receive, sender)
          │    │   │      │        └ <function ExceptionMiddleware.__call__.<locals>.sender at 0x7f0f9af8a440>
          │    │   │      └ <bound method RequestResponseCycle.receive of <uvicorn.protocols.http.httptools_impl.RequestResponseCycle object at 0x7f0f9b0...
          │    │   └ {'type': 'http', 'asgi': {'version': '3.0', 'spec_version': '2.1'}, 'http_version': '1.1', 'server': ('172.21.0.7', 8000), 'c...
          │    └ <fastapi.routing.APIRouter object at 0x7f0f9af7dff0>
          └ <starlette.exceptions.ExceptionMiddleware object at 0x7f0f9af7cac0>
  File "/home/ubuntu/proj-celery-exemplo/.venv/lib/python3.10/site-packages/starlette/routing.py", line 656, in __call__
    await route.handle(scope, receive, send)
          │     │      │      │        └ <function ExceptionMiddleware.__call__.<locals>.sender at 0x7f0f9af8a440>
          │     │      │      └ <bound method RequestResponseCycle.receive of <uvicorn.protocols.http.httptools_impl.RequestResponseCycle object at 0x7f0f9b0...
          │     │      └ {'type': 'http', 'asgi': {'version': '3.0', 'spec_version': '2.1'}, 'http_version': '1.1', 'server': ('172.21.0.7', 8000), 'c...
          │     └ <function Route.handle at 0x7f0f9b3c17e0>
          └ <fastapi.routing.APIRoute object at 0x7f0f9af7d840>
  File "/home/ubuntu/proj-celery-exemplo/.venv/lib/python3.10/site-packages/starlette/routing.py", line 259, in handle
    await self.app(scope, receive, send)
          │    │   │      │        └ <function ExceptionMiddleware.__call__.<locals>.sender at 0x7f0f9af8a440>
          │    │   │      └ <bound method RequestResponseCycle.receive of <uvicorn.protocols.http.httptools_impl.RequestResponseCycle object at 0x7f0f9b0...
          │    │   └ {'type': 'http', 'asgi': {'version': '3.0', 'spec_version': '2.1'}, 'http_version': '1.1', 'server': ('172.21.0.7', 8000), 'c...
          │    └ <function request_response.<locals>.app at 0x7f0f9af89a20>
          └ <fastapi.routing.APIRoute object at 0x7f0f9af7d840>
  File "/home/ubuntu/proj-celery-exemplo/.venv/lib/python3.10/site-packages/starlette/routing.py", line 61, in app
    response = await func(request)
                     │    └ <starlette.requests.Request object at 0x7f0f9b0e27d0>
                     └ <function get_request_handler.<locals>.app at 0x7f0f9af89990>
  File "/home/ubuntu/proj-celery-exemplo/.venv/lib/python3.10/site-packages/fastapi/routing.py", line 226, in app
    raw_response = await run_endpoint_function(
                         └ <function run_endpoint_function at 0x7f0f9b3c2440>
  File "/home/ubuntu/proj-celery-exemplo/.venv/lib/python3.10/site-packages/fastapi/routing.py", line 161, in run_endpoint_function
    return await run_in_threadpool(dependant.call, **values)
                 │                 │         │       └ {'payload': Informacao(x=10, y=1, url='http://google.com.br', data='2022-06-29', dir_output='saida')}
                 │                 │         └ <function run_tarefa1 at 0x7f0f9af88b80>
                 │                 └ <fastapi.dependencies.models.Dependant object at 0x7f0f9af7d870>
                 └ <function run_in_threadpool at 0x7f0f9ba7c9d0>
  File "/home/ubuntu/proj-celery-exemplo/.venv/lib/python3.10/site-packages/starlette/concurrency.py", line 39, in run_in_threadpool
    return await anyio.to_thread.run_sync(func, *args)
                 │     │         │        │      └ (functools.partial(<function run_tarefa1 at 0x7f0f9af88b80>, payload=Informacao(x=10, y=1, url='http://google.com.br', data='...
                 │     │         │        └ <built-in method run of _contextvars.Context object at 0x7f0f9af66800>
                 │     │         └ <function run_sync at 0x7f0f9cc6b5b0>
                 │     └ <module 'anyio.to_thread' from '/home/ubuntu/proj-celery-exemplo/.venv/lib/python3.10/site-packages/anyio/to_thread.py'>
                 └ <module 'anyio' from '/home/ubuntu/proj-celery-exemplo/.venv/lib/python3.10/site-packages/anyio/__init__.py'>
  File "/home/ubuntu/proj-celery-exemplo/.venv/lib/python3.10/site-packages/anyio/to_thread.py", line 31, in run_sync
    return await get_asynclib().run_sync_in_worker_thread(
                 └ <function get_asynclib at 0x7f0f9cc68ca0>
  File "/home/ubuntu/proj-celery-exemplo/.venv/lib/python3.10/site-packages/anyio/_backends/_asyncio.py", line 937, in run_sync_in_worker_thread
    return await future
                 └ <Future finished exception=TypeError("add() got an unexpected keyword argument 'url'")>
  File "/home/ubuntu/proj-celery-exemplo/.venv/lib/python3.10/site-packages/anyio/_backends/_asyncio.py", line 867, in run
    result = context.run(func, *args)
             │       │   │      └ (functools.partial(<function run_tarefa1 at 0x7f0f9af88b80>, payload=Informacao(x=10, y=1, url='http://google.com.br', data='...
             │       │   └ <built-in method run of _contextvars.Context object at 0x7f0f9af66800>
             │       └ <method 'run' of '_contextvars.Context' objects>
             └ <_contextvars.Context object at 0x7f0f9aff1c00>

  File "/home/ubuntu/proj-celery-exemplo/./app/routes/tarefa1.py", line 28, in run_tarefa1
    task = add.delay(**payload.dict())
           │           │       └ <cyfunction BaseModel.dict at 0x7f0f9ba4cd40>
           │           └ Informacao(x=10, y=1, url='http://google.com.br', data='2022-06-29', dir_output='saida')
           └ <@task: tarefa_somar of app.core.operacoes_matematicas at 0x7f0f9af7d000>

  File "/home/ubuntu/proj-celery-exemplo/.venv/lib/python3.10/site-packages/celery/app/task.py", line 425, in delay
    return self.apply_async(args, kwargs)
           │    │           │     └ {'x': 10, 'y': 1, 'url': 'http://google.com.br', 'data': '2022-06-29', 'dir_output': 'saida'}
           │    │           └ ()
           │    └ <function Task.apply_async at 0x7f0f99e27be0>
           └ <@task: tarefa_somar of app.core.operacoes_matematicas at 0x7f0f9af7d000>
  File "/home/ubuntu/proj-celery-exemplo/.venv/lib/python3.10/site-packages/celery/app/task.py", line 540, in apply_async
    check_arguments(*(args or ()), **(kwargs or {}))
    │                 │               └ {'x': 10, 'y': 1, 'url': 'http://google.com.br', 'data': '2022-06-29', 'dir_output': 'saida'}
    │                 └ ()
    └ <function add at 0x7f0f9af8b910>

TypeError: add() got an unexpected keyword argument 'url'
ERROR    2022-06-29 19:11:51.323 - Exception in ASGI application

Traceback (most recent call last):

  File "<string>", line 1, in <module>
  File "/usr/local/lib/python3.10/multiprocessing/spawn.py", line 116, in spawn_main
    exitcode = _main(fd, parent_sentinel)
               │     │   └ 4
               │     └ 7
               └ <function _main at 0x7f0f9d99e830>
  File "/usr/local/lib/python3.10/multiprocessing/spawn.py", line 129, in _main
    return self._bootstrap(parent_sentinel)
           │    │          └ 4
           │    └ <function BaseProcess._bootstrap at 0x7f0f9d999b40>
           └ <SpawnProcess name='SpawnProcess-1' parent=1 started>
  File "/usr/local/lib/python3.10/multiprocessing/process.py", line 315, in _bootstrap
    self.run()
    │    └ <function BaseProcess.run at 0x7f0f9d9991b0>
    └ <SpawnProcess name='SpawnProcess-1' parent=1 started>
  File "/usr/local/lib/python3.10/multiprocessing/process.py", line 108, in run
    self._target(*self._args, **self._kwargs)
    │    │        │    │        │    └ {'config': <uvicorn.config.Config object at 0x7f0f9cc54610>, 'target': <bound method Server.run of <uvicorn.server.Server obj...
    │    │        │    │        └ <SpawnProcess name='SpawnProcess-1' parent=1 started>
    │    │        │    └ ()
    │    │        └ <SpawnProcess name='SpawnProcess-1' parent=1 started>
    │    └ <function subprocess_started at 0x7f0f9cdb1bd0>
    └ <SpawnProcess name='SpawnProcess-1' parent=1 started>
  File "/home/ubuntu/proj-celery-exemplo/.venv/lib/python3.10/site-packages/uvicorn/subprocess.py", line 76, in subprocess_started
    target(sockets=sockets)
    │              └ [<socket.socket fd=3, family=AddressFamily.AF_INET, type=SocketKind.SOCK_STREAM, proto=0, laddr=('0.0.0.0', 8000)>]
    └ <bound method Server.run of <uvicorn.server.Server object at 0x7f0f9cc54550>>
  File "/home/ubuntu/proj-celery-exemplo/.venv/lib/python3.10/site-packages/uvicorn/server.py", line 68, in run
    return asyncio.run(self.serve(sockets=sockets))
           │       │   │    │             └ [<socket.socket fd=3, family=AddressFamily.AF_INET, type=SocketKind.SOCK_STREAM, proto=0, laddr=('0.0.0.0', 8000)>]
           │       │   │    └ <function Server.serve at 0x7f0f9cdb1240>
           │       │   └ <uvicorn.server.Server object at 0x7f0f9cc54550>
           │       └ <function run at 0x7f0f9d787a30>
           └ <module 'asyncio' from '/usr/local/lib/python3.10/asyncio/__init__.py'>
  File "/usr/local/lib/python3.10/asyncio/runners.py", line 44, in run
    return loop.run_until_complete(main)
           │    │                  └ <coroutine object Server.serve at 0x7f0f9cc95770>
           │    └ <method 'run_until_complete' of 'uvloop.loop.Loop' objects>
           └ <uvloop.Loop running=True closed=False debug=False>
> File "/home/ubuntu/proj-celery-exemplo/.venv/lib/python3.10/site-packages/uvicorn/protocols/http/httptools_impl.py", line 375, in run_asgi
    result = await app(self.scope, self.receive, self.send)
                   │   │    │      │    │        │    └ <function RequestResponseCycle.send at 0x7f0f9cb41bd0>
                   │   │    │      │    │        └ <uvicorn.protocols.http.httptools_impl.RequestResponseCycle object at 0x7f0f9b0e30a0>
                   │   │    │      │    └ <function RequestResponseCycle.receive at 0x7f0f9cb41c60>
                   │   │    │      └ <uvicorn.protocols.http.httptools_impl.RequestResponseCycle object at 0x7f0f9b0e30a0>
                   │   │    └ {'type': 'http', 'asgi': {'version': '3.0', 'spec_version': '2.1'}, 'http_version': '1.1', 'server': ('172.21.0.7', 8000), 'c...
                   │   └ <uvicorn.protocols.http.httptools_impl.RequestResponseCycle object at 0x7f0f9b0e30a0>
                   └ <uvicorn.middleware.proxy_headers.ProxyHeadersMiddleware object at 0x7f0f9db8f4c0>
  File "/home/ubuntu/proj-celery-exemplo/.venv/lib/python3.10/site-packages/uvicorn/middleware/proxy_headers.py", line 75, in __call__
    return await self.app(scope, receive, send)
                 │    │   │      │        └ <bound method RequestResponseCycle.send of <uvicorn.protocols.http.httptools_impl.RequestResponseCycle object at 0x7f0f9b0e30...
                 │    │   │      └ <bound method RequestResponseCycle.receive of <uvicorn.protocols.http.httptools_impl.RequestResponseCycle object at 0x7f0f9b0...
                 │    │   └ {'type': 'http', 'asgi': {'version': '3.0', 'spec_version': '2.1'}, 'http_version': '1.1', 'server': ('172.21.0.7', 8000), 'c...
                 │    └ <fastapi.applications.FastAPI object at 0x7f0f9da34fa0>
                 └ <uvicorn.middleware.proxy_headers.ProxyHeadersMiddleware object at 0x7f0f9db8f4c0>
  File "/home/ubuntu/proj-celery-exemplo/.venv/lib/python3.10/site-packages/fastapi/applications.py", line 208, in __call__
    await super().__call__(scope, receive, send)
                           │      │        └ <bound method RequestResponseCycle.send of <uvicorn.protocols.http.httptools_impl.RequestResponseCycle object at 0x7f0f9b0e30...
                           │      └ <bound method RequestResponseCycle.receive of <uvicorn.protocols.http.httptools_impl.RequestResponseCycle object at 0x7f0f9b0...
                           └ {'type': 'http', 'asgi': {'version': '3.0', 'spec_version': '2.1'}, 'http_version': '1.1', 'server': ('172.21.0.7', 8000), 'c...
  File "/home/ubuntu/proj-celery-exemplo/.venv/lib/python3.10/site-packages/starlette/applications.py", line 112, in __call__
    await self.middleware_stack(scope, receive, send)
          │    │                │      │        └ <bound method RequestResponseCycle.send of <uvicorn.protocols.http.httptools_impl.RequestResponseCycle object at 0x7f0f9b0e30...
          │    │                │      └ <bound method RequestResponseCycle.receive of <uvicorn.protocols.http.httptools_impl.RequestResponseCycle object at 0x7f0f9b0...
          │    │                └ {'type': 'http', 'asgi': {'version': '3.0', 'spec_version': '2.1'}, 'http_version': '1.1', 'server': ('172.21.0.7', 8000), 'c...
          │    └ <starlette.middleware.errors.ServerErrorMiddleware object at 0x7f0f9af7cf10>
          └ <fastapi.applications.FastAPI object at 0x7f0f9da34fa0>
  File "/home/ubuntu/proj-celery-exemplo/.venv/lib/python3.10/site-packages/starlette/middleware/errors.py", line 181, in __call__
    raise exc
  File "/home/ubuntu/proj-celery-exemplo/.venv/lib/python3.10/site-packages/starlette/middleware/errors.py", line 159, in __call__
    await self.app(scope, receive, _send)
          │    │   │      │        └ <function ServerErrorMiddleware.__call__.<locals>._send at 0x7f0f9af8a680>
          │    │   │      └ <bound method RequestResponseCycle.receive of <uvicorn.protocols.http.httptools_impl.RequestResponseCycle object at 0x7f0f9b0...
          │    │   └ {'type': 'http', 'asgi': {'version': '3.0', 'spec_version': '2.1'}, 'http_version': '1.1', 'server': ('172.21.0.7', 8000), 'c...
          │    └ <starlette.middleware.cors.CORSMiddleware object at 0x7f0f9af7cb50>
          └ <starlette.middleware.errors.ServerErrorMiddleware object at 0x7f0f9af7cf10>
  File "/home/ubuntu/proj-celery-exemplo/.venv/lib/python3.10/site-packages/starlette/middleware/cors.py", line 92, in __call__
    await self.simple_response(scope, receive, send, request_headers=headers)
          │    │               │      │        │                     └ Headers({'host': 'backend.localhost', 'user-agent': 'Mozilla/5.0 (Windows NT 10.0; Win64; x64) AppleWebKit/537.36 (KHTML, lik...
          │    │               │      │        └ <function ServerErrorMiddleware.__call__.<locals>._send at 0x7f0f9af8a680>
          │    │               │      └ <bound method RequestResponseCycle.receive of <uvicorn.protocols.http.httptools_impl.RequestResponseCycle object at 0x7f0f9b0...
          │    │               └ {'type': 'http', 'asgi': {'version': '3.0', 'spec_version': '2.1'}, 'http_version': '1.1', 'server': ('172.21.0.7', 8000), 'c...
          │    └ <function CORSMiddleware.simple_response at 0x7f0f9b43d1b0>
          └ <starlette.middleware.cors.CORSMiddleware object at 0x7f0f9af7cb50>
  File "/home/ubuntu/proj-celery-exemplo/.venv/lib/python3.10/site-packages/starlette/middleware/cors.py", line 147, in simple_response
    await self.app(scope, receive, send)
          │    │   │      │        └ functools.partial(<bound method CORSMiddleware.send of <starlette.middleware.cors.CORSMiddleware object at 0x7f0f9af7cb50>>, ...
          │    │   │      └ <bound method RequestResponseCycle.receive of <uvicorn.protocols.http.httptools_impl.RequestResponseCycle object at 0x7f0f9b0...
          │    │   └ {'type': 'http', 'asgi': {'version': '3.0', 'spec_version': '2.1'}, 'http_version': '1.1', 'server': ('172.21.0.7', 8000), 'c...
          │    └ <starlette.exceptions.ExceptionMiddleware object at 0x7f0f9af7cac0>
          └ <starlette.middleware.cors.CORSMiddleware object at 0x7f0f9af7cb50>
  File "/home/ubuntu/proj-celery-exemplo/.venv/lib/python3.10/site-packages/starlette/exceptions.py", line 82, in __call__
    raise exc
  File "/home/ubuntu/proj-celery-exemplo/.venv/lib/python3.10/site-packages/starlette/exceptions.py", line 71, in __call__
    await self.app(scope, receive, sender)
          │    │   │      │        └ <function ExceptionMiddleware.__call__.<locals>.sender at 0x7f0f9af8a440>
          │    │   │      └ <bound method RequestResponseCycle.receive of <uvicorn.protocols.http.httptools_impl.RequestResponseCycle object at 0x7f0f9b0...
          │    │   └ {'type': 'http', 'asgi': {'version': '3.0', 'spec_version': '2.1'}, 'http_version': '1.1', 'server': ('172.21.0.7', 8000), 'c...
          │    └ <fastapi.routing.APIRouter object at 0x7f0f9af7dff0>
          └ <starlette.exceptions.ExceptionMiddleware object at 0x7f0f9af7cac0>
  File "/home/ubuntu/proj-celery-exemplo/.venv/lib/python3.10/site-packages/starlette/routing.py", line 656, in __call__
    await route.handle(scope, receive, send)
          │     │      │      │        └ <function ExceptionMiddleware.__call__.<locals>.sender at 0x7f0f9af8a440>
          │     │      │      └ <bound method RequestResponseCycle.receive of <uvicorn.protocols.http.httptools_impl.RequestResponseCycle object at 0x7f0f9b0...
          │     │      └ {'type': 'http', 'asgi': {'version': '3.0', 'spec_version': '2.1'}, 'http_version': '1.1', 'server': ('172.21.0.7', 8000), 'c...
          │     └ <function Route.handle at 0x7f0f9b3c17e0>
          └ <fastapi.routing.APIRoute object at 0x7f0f9af7d840>
  File "/home/ubuntu/proj-celery-exemplo/.venv/lib/python3.10/site-packages/starlette/routing.py", line 259, in handle
    await self.app(scope, receive, send)
          │    │   │      │        └ <function ExceptionMiddleware.__call__.<locals>.sender at 0x7f0f9af8a440>
          │    │   │      └ <bound method RequestResponseCycle.receive of <uvicorn.protocols.http.httptools_impl.RequestResponseCycle object at 0x7f0f9b0...
          │    │   └ {'type': 'http', 'asgi': {'version': '3.0', 'spec_version': '2.1'}, 'http_version': '1.1', 'server': ('172.21.0.7', 8000), 'c...
          │    └ <function request_response.<locals>.app at 0x7f0f9af89a20>
          └ <fastapi.routing.APIRoute object at 0x7f0f9af7d840>
  File "/home/ubuntu/proj-celery-exemplo/.venv/lib/python3.10/site-packages/starlette/routing.py", line 61, in app
    response = await func(request)
                     │    └ <starlette.requests.Request object at 0x7f0f9b0e27d0>
                     └ <function get_request_handler.<locals>.app at 0x7f0f9af89990>
  File "/home/ubuntu/proj-celery-exemplo/.venv/lib/python3.10/site-packages/fastapi/routing.py", line 226, in app
    raw_response = await run_endpoint_function(
                         └ <function run_endpoint_function at 0x7f0f9b3c2440>
  File "/home/ubuntu/proj-celery-exemplo/.venv/lib/python3.10/site-packages/fastapi/routing.py", line 161, in run_endpoint_function
    return await run_in_threadpool(dependant.call, **values)
                 │                 │         │       └ {'payload': Informacao(x=10, y=1, url='http://google.com.br', data='2022-06-29', dir_output='saida')}
                 │                 │         └ <function run_tarefa1 at 0x7f0f9af88b80>
                 │                 └ <fastapi.dependencies.models.Dependant object at 0x7f0f9af7d870>
                 └ <function run_in_threadpool at 0x7f0f9ba7c9d0>
  File "/home/ubuntu/proj-celery-exemplo/.venv/lib/python3.10/site-packages/starlette/concurrency.py", line 39, in run_in_threadpool
    return await anyio.to_thread.run_sync(func, *args)
                 │     │         │        │      └ (functools.partial(<function run_tarefa1 at 0x7f0f9af88b80>, payload=Informacao(x=10, y=1, url='http://google.com.br', data='...
                 │     │         │        └ <built-in method run of _contextvars.Context object at 0x7f0f9af66800>
                 │     │         └ <function run_sync at 0x7f0f9cc6b5b0>
                 │     └ <module 'anyio.to_thread' from '/home/ubuntu/proj-celery-exemplo/.venv/lib/python3.10/site-packages/anyio/to_thread.py'>
                 └ <module 'anyio' from '/home/ubuntu/proj-celery-exemplo/.venv/lib/python3.10/site-packages/anyio/__init__.py'>
  File "/home/ubuntu/proj-celery-exemplo/.venv/lib/python3.10/site-packages/anyio/to_thread.py", line 31, in run_sync
    return await get_asynclib().run_sync_in_worker_thread(
                 └ <function get_asynclib at 0x7f0f9cc68ca0>
  File "/home/ubuntu/proj-celery-exemplo/.venv/lib/python3.10/site-packages/anyio/_backends/_asyncio.py", line 937, in run_sync_in_worker_thread
    return await future
                 └ <Future finished exception=TypeError("add() got an unexpected keyword argument 'url'")>
  File "/home/ubuntu/proj-celery-exemplo/.venv/lib/python3.10/site-packages/anyio/_backends/_asyncio.py", line 867, in run
    result = context.run(func, *args)
             │       │   │      └ (functools.partial(<function run_tarefa1 at 0x7f0f9af88b80>, payload=Informacao(x=10, y=1, url='http://google.com.br', data='...
             │       │   └ <built-in method run of _contextvars.Context object at 0x7f0f9af66800>
             │       └ <method 'run' of '_contextvars.Context' objects>
             └ <_contextvars.Context object at 0x7f0f9aff1c00>

  File "/home/ubuntu/proj-celery-exemplo/./app/routes/tarefa1.py", line 28, in run_tarefa1
    task = add.delay(**payload.dict())
           │           │       └ <cyfunction BaseModel.dict at 0x7f0f9ba4cd40>
           │           └ Informacao(x=10, y=1, url='http://google.com.br', data='2022-06-29', dir_output='saida')
           └ <@task: tarefa_somar of app.core.operacoes_matematicas at 0x7f0f9af7d000>

  File "/home/ubuntu/proj-celery-exemplo/.venv/lib/python3.10/site-packages/celery/app/task.py", line 425, in delay
    return self.apply_async(args, kwargs)
           │    │           │     └ {'x': 10, 'y': 1, 'url': 'http://google.com.br', 'data': '2022-06-29', 'dir_output': 'saida'}
           │    │           └ ()
           │    └ <function Task.apply_async at 0x7f0f99e27be0>
           └ <@task: tarefa_somar of app.core.operacoes_matematicas at 0x7f0f9af7d000>
  File "/home/ubuntu/proj-celery-exemplo/.venv/lib/python3.10/site-packages/celery/app/task.py", line 540, in apply_async
    check_arguments(*(args or ()), **(kwargs or {}))
    │                 │               └ {'x': 10, 'y': 1, 'url': 'http://google.com.br', 'data': '2022-06-29', 'dir_output': 'saida'}
    │                 └ ()
    └ <function add at 0x7f0f9af8b910>

TypeError: add() got an unexpected keyword argument 'url'
ERROR    2022-06-29 19:11:51.335 - Exception in ASGI application

Traceback (most recent call last):

  File "<string>", line 1, in <module>
  File "/usr/local/lib/python3.10/multiprocessing/spawn.py", line 116, in spawn_main
    exitcode = _main(fd, parent_sentinel)
               │     │   └ 4
               │     └ 7
               └ <function _main at 0x7f0f9d99e830>
  File "/usr/local/lib/python3.10/multiprocessing/spawn.py", line 129, in _main
    return self._bootstrap(parent_sentinel)
           │    │          └ 4
           │    └ <function BaseProcess._bootstrap at 0x7f0f9d999b40>
           └ <SpawnProcess name='SpawnProcess-1' parent=1 started>
  File "/usr/local/lib/python3.10/multiprocessing/process.py", line 315, in _bootstrap
    self.run()
    │    └ <function BaseProcess.run at 0x7f0f9d9991b0>
    └ <SpawnProcess name='SpawnProcess-1' parent=1 started>
  File "/usr/local/lib/python3.10/multiprocessing/process.py", line 108, in run
    self._target(*self._args, **self._kwargs)
    │    │        │    │        │    └ {'config': <uvicorn.config.Config object at 0x7f0f9cc54610>, 'target': <bound method Server.run of <uvicorn.server.Server obj...
    │    │        │    │        └ <SpawnProcess name='SpawnProcess-1' parent=1 started>
    │    │        │    └ ()
    │    │        └ <SpawnProcess name='SpawnProcess-1' parent=1 started>
    │    └ <function subprocess_started at 0x7f0f9cdb1bd0>
    └ <SpawnProcess name='SpawnProcess-1' parent=1 started>
  File "/home/ubuntu/proj-celery-exemplo/.venv/lib/python3.10/site-packages/uvicorn/subprocess.py", line 76, in subprocess_started
    target(sockets=sockets)
    │              └ [<socket.socket fd=3, family=AddressFamily.AF_INET, type=SocketKind.SOCK_STREAM, proto=0, laddr=('0.0.0.0', 8000)>]
    └ <bound method Server.run of <uvicorn.server.Server object at 0x7f0f9cc54550>>
  File "/home/ubuntu/proj-celery-exemplo/.venv/lib/python3.10/site-packages/uvicorn/server.py", line 68, in run
    return asyncio.run(self.serve(sockets=sockets))
           │       │   │    │             └ [<socket.socket fd=3, family=AddressFamily.AF_INET, type=SocketKind.SOCK_STREAM, proto=0, laddr=('0.0.0.0', 8000)>]
           │       │   │    └ <function Server.serve at 0x7f0f9cdb1240>
           │       │   └ <uvicorn.server.Server object at 0x7f0f9cc54550>
           │       └ <function run at 0x7f0f9d787a30>
           └ <module 'asyncio' from '/usr/local/lib/python3.10/asyncio/__init__.py'>
  File "/usr/local/lib/python3.10/asyncio/runners.py", line 44, in run
    return loop.run_until_complete(main)
           │    │                  └ <coroutine object Server.serve at 0x7f0f9cc95770>
           │    └ <method 'run_until_complete' of 'uvloop.loop.Loop' objects>
           └ <uvloop.Loop running=True closed=False debug=False>
> File "/home/ubuntu/proj-celery-exemplo/.venv/lib/python3.10/site-packages/uvicorn/protocols/http/httptools_impl.py", line 375, in run_asgi
    result = await app(self.scope, self.receive, self.send)
                   │   │    │      │    │        │    └ <function RequestResponseCycle.send at 0x7f0f9cb41bd0>
                   │   │    │      │    │        └ <uvicorn.protocols.http.httptools_impl.RequestResponseCycle object at 0x7f0f9b0e30a0>
                   │   │    │      │    └ <function RequestResponseCycle.receive at 0x7f0f9cb41c60>
                   │   │    │      └ <uvicorn.protocols.http.httptools_impl.RequestResponseCycle object at 0x7f0f9b0e30a0>
                   │   │    └ {'type': 'http', 'asgi': {'version': '3.0', 'spec_version': '2.1'}, 'http_version': '1.1', 'server': ('172.21.0.7', 8000), 'c...
                   │   └ <uvicorn.protocols.http.httptools_impl.RequestResponseCycle object at 0x7f0f9b0e30a0>
                   └ <uvicorn.middleware.proxy_headers.ProxyHeadersMiddleware object at 0x7f0f9db8f4c0>
  File "/home/ubuntu/proj-celery-exemplo/.venv/lib/python3.10/site-packages/uvicorn/middleware/proxy_headers.py", line 75, in __call__
    return await self.app(scope, receive, send)
                 │    │   │      │        └ <bound method RequestResponseCycle.send of <uvicorn.protocols.http.httptools_impl.RequestResponseCycle object at 0x7f0f9b0e30...
                 │    │   │      └ <bound method RequestResponseCycle.receive of <uvicorn.protocols.http.httptools_impl.RequestResponseCycle object at 0x7f0f9b0...
                 │    │   └ {'type': 'http', 'asgi': {'version': '3.0', 'spec_version': '2.1'}, 'http_version': '1.1', 'server': ('172.21.0.7', 8000), 'c...
                 │    └ <fastapi.applications.FastAPI object at 0x7f0f9da34fa0>
                 └ <uvicorn.middleware.proxy_headers.ProxyHeadersMiddleware object at 0x7f0f9db8f4c0>
  File "/home/ubuntu/proj-celery-exemplo/.venv/lib/python3.10/site-packages/fastapi/applications.py", line 208, in __call__
    await super().__call__(scope, receive, send)
                           │      │        └ <bound method RequestResponseCycle.send of <uvicorn.protocols.http.httptools_impl.RequestResponseCycle object at 0x7f0f9b0e30...
                           │      └ <bound method RequestResponseCycle.receive of <uvicorn.protocols.http.httptools_impl.RequestResponseCycle object at 0x7f0f9b0...
                           └ {'type': 'http', 'asgi': {'version': '3.0', 'spec_version': '2.1'}, 'http_version': '1.1', 'server': ('172.21.0.7', 8000), 'c...
  File "/home/ubuntu/proj-celery-exemplo/.venv/lib/python3.10/site-packages/starlette/applications.py", line 112, in __call__
    await self.middleware_stack(scope, receive, send)
          │    │                │      │        └ <bound method RequestResponseCycle.send of <uvicorn.protocols.http.httptools_impl.RequestResponseCycle object at 0x7f0f9b0e30...
          │    │                │      └ <bound method RequestResponseCycle.receive of <uvicorn.protocols.http.httptools_impl.RequestResponseCycle object at 0x7f0f9b0...
          │    │                └ {'type': 'http', 'asgi': {'version': '3.0', 'spec_version': '2.1'}, 'http_version': '1.1', 'server': ('172.21.0.7', 8000), 'c...
          │    └ <starlette.middleware.errors.ServerErrorMiddleware object at 0x7f0f9af7cf10>
          └ <fastapi.applications.FastAPI object at 0x7f0f9da34fa0>
  File "/home/ubuntu/proj-celery-exemplo/.venv/lib/python3.10/site-packages/starlette/middleware/errors.py", line 181, in __call__
    raise exc
  File "/home/ubuntu/proj-celery-exemplo/.venv/lib/python3.10/site-packages/starlette/middleware/errors.py", line 159, in __call__
    await self.app(scope, receive, _send)
          │    │   │      │        └ <function ServerErrorMiddleware.__call__.<locals>._send at 0x7f0f9af8a680>
          │    │   │      └ <bound method RequestResponseCycle.receive of <uvicorn.protocols.http.httptools_impl.RequestResponseCycle object at 0x7f0f9b0...
          │    │   └ {'type': 'http', 'asgi': {'version': '3.0', 'spec_version': '2.1'}, 'http_version': '1.1', 'server': ('172.21.0.7', 8000), 'c...
          │    └ <starlette.middleware.cors.CORSMiddleware object at 0x7f0f9af7cb50>
          └ <starlette.middleware.errors.ServerErrorMiddleware object at 0x7f0f9af7cf10>
  File "/home/ubuntu/proj-celery-exemplo/.venv/lib/python3.10/site-packages/starlette/middleware/cors.py", line 92, in __call__
    await self.simple_response(scope, receive, send, request_headers=headers)
          │    │               │      │        │                     └ Headers({'host': 'backend.localhost', 'user-agent': 'Mozilla/5.0 (Windows NT 10.0; Win64; x64) AppleWebKit/537.36 (KHTML, lik...
          │    │               │      │        └ <function ServerErrorMiddleware.__call__.<locals>._send at 0x7f0f9af8a680>
          │    │               │      └ <bound method RequestResponseCycle.receive of <uvicorn.protocols.http.httptools_impl.RequestResponseCycle object at 0x7f0f9b0...
          │    │               └ {'type': 'http', 'asgi': {'version': '3.0', 'spec_version': '2.1'}, 'http_version': '1.1', 'server': ('172.21.0.7', 8000), 'c...
          │    └ <function CORSMiddleware.simple_response at 0x7f0f9b43d1b0>
          └ <starlette.middleware.cors.CORSMiddleware object at 0x7f0f9af7cb50>
  File "/home/ubuntu/proj-celery-exemplo/.venv/lib/python3.10/site-packages/starlette/middleware/cors.py", line 147, in simple_response
    await self.app(scope, receive, send)
          │    │   │      │        └ functools.partial(<bound method CORSMiddleware.send of <starlette.middleware.cors.CORSMiddleware object at 0x7f0f9af7cb50>>, ...
          │    │   │      └ <bound method RequestResponseCycle.receive of <uvicorn.protocols.http.httptools_impl.RequestResponseCycle object at 0x7f0f9b0...
          │    │   └ {'type': 'http', 'asgi': {'version': '3.0', 'spec_version': '2.1'}, 'http_version': '1.1', 'server': ('172.21.0.7', 8000), 'c...
          │    └ <starlette.exceptions.ExceptionMiddleware object at 0x7f0f9af7cac0>
          └ <starlette.middleware.cors.CORSMiddleware object at 0x7f0f9af7cb50>
  File "/home/ubuntu/proj-celery-exemplo/.venv/lib/python3.10/site-packages/starlette/exceptions.py", line 82, in __call__
    raise exc
  File "/home/ubuntu/proj-celery-exemplo/.venv/lib/python3.10/site-packages/starlette/exceptions.py", line 71, in __call__
    await self.app(scope, receive, sender)
          │    │   │      │        └ <function ExceptionMiddleware.__call__.<locals>.sender at 0x7f0f9af8a440>
          │    │   │      └ <bound method RequestResponseCycle.receive of <uvicorn.protocols.http.httptools_impl.RequestResponseCycle object at 0x7f0f9b0...
          │    │   └ {'type': 'http', 'asgi': {'version': '3.0', 'spec_version': '2.1'}, 'http_version': '1.1', 'server': ('172.21.0.7', 8000), 'c...
          │    └ <fastapi.routing.APIRouter object at 0x7f0f9af7dff0>
          └ <starlette.exceptions.ExceptionMiddleware object at 0x7f0f9af7cac0>
  File "/home/ubuntu/proj-celery-exemplo/.venv/lib/python3.10/site-packages/starlette/routing.py", line 656, in __call__
    await route.handle(scope, receive, send)
          │     │      │      │        └ <function ExceptionMiddleware.__call__.<locals>.sender at 0x7f0f9af8a440>
          │     │      │      └ <bound method RequestResponseCycle.receive of <uvicorn.protocols.http.httptools_impl.RequestResponseCycle object at 0x7f0f9b0...
          │     │      └ {'type': 'http', 'asgi': {'version': '3.0', 'spec_version': '2.1'}, 'http_version': '1.1', 'server': ('172.21.0.7', 8000), 'c...
          │     └ <function Route.handle at 0x7f0f9b3c17e0>
          └ <fastapi.routing.APIRoute object at 0x7f0f9af7d840>
  File "/home/ubuntu/proj-celery-exemplo/.venv/lib/python3.10/site-packages/starlette/routing.py", line 259, in handle
    await self.app(scope, receive, send)
          │    │   │      │        └ <function ExceptionMiddleware.__call__.<locals>.sender at 0x7f0f9af8a440>
          │    │   │      └ <bound method RequestResponseCycle.receive of <uvicorn.protocols.http.httptools_impl.RequestResponseCycle object at 0x7f0f9b0...
          │    │   └ {'type': 'http', 'asgi': {'version': '3.0', 'spec_version': '2.1'}, 'http_version': '1.1', 'server': ('172.21.0.7', 8000), 'c...
          │    └ <function request_response.<locals>.app at 0x7f0f9af89a20>
          └ <fastapi.routing.APIRoute object at 0x7f0f9af7d840>
  File "/home/ubuntu/proj-celery-exemplo/.venv/lib/python3.10/site-packages/starlette/routing.py", line 61, in app
    response = await func(request)
                     │    └ <starlette.requests.Request object at 0x7f0f9b0e27d0>
                     └ <function get_request_handler.<locals>.app at 0x7f0f9af89990>
  File "/home/ubuntu/proj-celery-exemplo/.venv/lib/python3.10/site-packages/fastapi/routing.py", line 226, in app
    raw_response = await run_endpoint_function(
                         └ <function run_endpoint_function at 0x7f0f9b3c2440>
  File "/home/ubuntu/proj-celery-exemplo/.venv/lib/python3.10/site-packages/fastapi/routing.py", line 161, in run_endpoint_function
    return await run_in_threadpool(dependant.call, **values)
                 │                 │         │       └ {'payload': Informacao(x=10, y=1, url='http://google.com.br', data='2022-06-29', dir_output='saida')}
                 │                 │         └ <function run_tarefa1 at 0x7f0f9af88b80>
                 │                 └ <fastapi.dependencies.models.Dependant object at 0x7f0f9af7d870>
                 └ <function run_in_threadpool at 0x7f0f9ba7c9d0>
  File "/home/ubuntu/proj-celery-exemplo/.venv/lib/python3.10/site-packages/starlette/concurrency.py", line 39, in run_in_threadpool
    return await anyio.to_thread.run_sync(func, *args)
                 │     │         │        │      └ (functools.partial(<function run_tarefa1 at 0x7f0f9af88b80>, payload=Informacao(x=10, y=1, url='http://google.com.br', data='...
                 │     │         │        └ <built-in method run of _contextvars.Context object at 0x7f0f9af66800>
                 │     │         └ <function run_sync at 0x7f0f9cc6b5b0>
                 │     └ <module 'anyio.to_thread' from '/home/ubuntu/proj-celery-exemplo/.venv/lib/python3.10/site-packages/anyio/to_thread.py'>
                 └ <module 'anyio' from '/home/ubuntu/proj-celery-exemplo/.venv/lib/python3.10/site-packages/anyio/__init__.py'>
  File "/home/ubuntu/proj-celery-exemplo/.venv/lib/python3.10/site-packages/anyio/to_thread.py", line 31, in run_sync
    return await get_asynclib().run_sync_in_worker_thread(
                 └ <function get_asynclib at 0x7f0f9cc68ca0>
  File "/home/ubuntu/proj-celery-exemplo/.venv/lib/python3.10/site-packages/anyio/_backends/_asyncio.py", line 937, in run_sync_in_worker_thread
    return await future
                 └ <Future finished exception=TypeError("add() got an unexpected keyword argument 'url'")>
  File "/home/ubuntu/proj-celery-exemplo/.venv/lib/python3.10/site-packages/anyio/_backends/_asyncio.py", line 867, in run
    result = context.run(func, *args)
             │       │   │      └ (functools.partial(<function run_tarefa1 at 0x7f0f9af88b80>, payload=Informacao(x=10, y=1, url='http://google.com.br', data='...
             │       │   └ <built-in method run of _contextvars.Context object at 0x7f0f9af66800>
             │       └ <method 'run' of '_contextvars.Context' objects>
             └ <_contextvars.Context object at 0x7f0f9aff1c00>

  File "/home/ubuntu/proj-celery-exemplo/./app/routes/tarefa1.py", line 28, in run_tarefa1
    task = add.delay(**payload.dict())
           │           │       └ <cyfunction BaseModel.dict at 0x7f0f9ba4cd40>
           │           └ Informacao(x=10, y=1, url='http://google.com.br', data='2022-06-29', dir_output='saida')
           └ <@task: tarefa_somar of app.core.operacoes_matematicas at 0x7f0f9af7d000>

  File "/home/ubuntu/proj-celery-exemplo/.venv/lib/python3.10/site-packages/celery/app/task.py", line 425, in delay
    return self.apply_async(args, kwargs)
           │    │           │     └ {'x': 10, 'y': 1, 'url': 'http://google.com.br', 'data': '2022-06-29', 'dir_output': 'saida'}
           │    │           └ ()
           │    └ <function Task.apply_async at 0x7f0f99e27be0>
           └ <@task: tarefa_somar of app.core.operacoes_matematicas at 0x7f0f9af7d000>
  File "/home/ubuntu/proj-celery-exemplo/.venv/lib/python3.10/site-packages/celery/app/task.py", line 540, in apply_async
    check_arguments(*(args or ()), **(kwargs or {}))
    │                 │               └ {'x': 10, 'y': 1, 'url': 'http://google.com.br', 'data': '2022-06-29', 'dir_output': 'saida'}
    │                 └ ()
    └ <function add at 0x7f0f9af8b910>

TypeError: add() got an unexpected keyword argument 'url'
INFO     2022-06-29 19:18:03.611 - Shutting down
INFO     2022-06-29 19:18:03.613 - Shutting down
INFO     2022-06-29 19:18:03.613 - Shutting down
INFO     2022-06-29 19:18:03.713 - Waiting for application shutdown.
INFO     2022-06-29 19:18:03.713 - Waiting for application shutdown.
INFO     2022-06-29 19:18:03.713 - Waiting for application shutdown.
INFO     2022-06-29 19:18:03.714 - Application shutdown complete.
INFO     2022-06-29 19:18:03.714 - Application shutdown complete.
INFO     2022-06-29 19:18:03.715 - Application shutdown complete.
INFO     2022-06-29 19:18:03.715 - Finished server process [8]
INFO     2022-06-29 19:18:03.715 - Finished server process [8]
INFO     2022-06-29 19:18:03.715 - Finished server process [8]
INFO     2022-06-29 19:18:09.711 - Started server process [8]
INFO     2022-06-29 19:18:09.712 - Started server process [8]
INFO     2022-06-29 19:18:09.712 - Started server process [8]
INFO     2022-06-29 19:18:09.713 - Waiting for application startup.
INFO     2022-06-29 19:18:09.713 - Waiting for application startup.
INFO     2022-06-29 19:18:09.713 - Waiting for application startup.
INFO     2022-06-29 19:18:09.714 - Application startup complete.
INFO     2022-06-29 19:18:09.714 - Application startup complete.
INFO     2022-06-29 19:18:09.715 - Application startup complete.
INFO     2022-06-29 19:19:52.584 - 172.21.0.6:46106 - "GET /docs HTTP/1.1" 200
INFO     2022-06-29 19:19:52.968 - 172.21.0.6:46106 - "GET /openapi.json HTTP/1.1" 200
INFO     2022-06-29 19:22:04.728 - 172.21.0.6:46148 - "GET /docs HTTP/1.1" 200
INFO     2022-06-29 19:22:04.963 - 172.21.0.6:46148 - "GET /openapi.json HTTP/1.1" 200
INFO     2022-06-29 19:22:08.695 - 172.21.0.6:46148 - "POST /tarefa1/ HTTP/1.1" 201
INFO     2022-06-29 19:22:33.233 - 172.21.0.6:46170 - "OPTIONS /tarefa1 HTTP/1.1" 200
INFO     2022-06-29 19:22:33.238 - 172.21.0.6:46170 - "POST /tarefa1 HTTP/1.1" 307
INFO     2022-06-29 19:22:33.246 - 172.21.0.6:46170 - "OPTIONS /tarefa1/ HTTP/1.1" 200
INFO     2022-06-29 19:22:33.255 - 172.21.0.6:46170 - "POST /tarefa1/ HTTP/1.1" 201
INFO     2022-06-29 19:22:33.265 - 172.21.0.6:46170 - "OPTIONS /tarefa1/status/aecda8fe-359f-415c-bf67-bcd412f7744d HTTP/1.1" 200
INFO     2022-06-29 19:22:33.279 - 172.21.0.6:46170 - "GET /tarefa1/status/aecda8fe-359f-415c-bf67-bcd412f7744d HTTP/1.1" 200
INFO     2022-06-29 19:22:34.302 - 172.21.0.6:46170 - "GET /tarefa1/status/aecda8fe-359f-415c-bf67-bcd412f7744d HTTP/1.1" 200
INFO     2022-06-29 19:22:35.312 - 172.21.0.6:46170 - "GET /tarefa1/status/aecda8fe-359f-415c-bf67-bcd412f7744d HTTP/1.1" 200
INFO     2022-06-29 19:22:36.321 - 172.21.0.6:46170 - "GET /tarefa1/status/aecda8fe-359f-415c-bf67-bcd412f7744d HTTP/1.1" 200
INFO     2022-06-29 19:22:37.337 - 172.21.0.6:46170 - "GET /tarefa1/status/aecda8fe-359f-415c-bf67-bcd412f7744d HTTP/1.1" 200
INFO     2022-06-29 19:22:38.350 - 172.21.0.6:46170 - "GET /tarefa1/status/aecda8fe-359f-415c-bf67-bcd412f7744d HTTP/1.1" 200
INFO     2022-06-29 19:22:39.366 - 172.21.0.6:46170 - "GET /tarefa1/status/aecda8fe-359f-415c-bf67-bcd412f7744d HTTP/1.1" 200
INFO     2022-06-29 19:22:40.377 - 172.21.0.6:46170 - "GET /tarefa1/status/aecda8fe-359f-415c-bf67-bcd412f7744d HTTP/1.1" 200
INFO     2022-06-29 19:22:41.395 - 172.21.0.6:46170 - "GET /tarefa1/status/aecda8fe-359f-415c-bf67-bcd412f7744d HTTP/1.1" 200
INFO     2022-06-29 19:22:42.418 - 172.21.0.6:46170 - "GET /tarefa1/status/aecda8fe-359f-415c-bf67-bcd412f7744d HTTP/1.1" 200
INFO     2022-06-29 19:22:43.435 - 172.21.0.6:46170 - "GET /tarefa1/status/aecda8fe-359f-415c-bf67-bcd412f7744d HTTP/1.1" 200
INFO     2022-06-29 19:22:44.454 - 172.21.0.6:46170 - "GET /tarefa1/status/aecda8fe-359f-415c-bf67-bcd412f7744d HTTP/1.1" 200
INFO     2022-06-29 19:22:45.475 - 172.21.0.6:46170 - "GET /tarefa1/status/aecda8fe-359f-415c-bf67-bcd412f7744d HTTP/1.1" 200
INFO     2022-06-29 19:22:51.736 - 172.21.0.6:46174 - "OPTIONS /tarefa2 HTTP/1.1" 200
INFO     2022-06-29 19:22:51.740 - 172.21.0.6:46174 - "POST /tarefa2 HTTP/1.1" 307
INFO     2022-06-29 19:22:51.747 - 172.21.0.6:46174 - "OPTIONS /tarefa2/ HTTP/1.1" 200
INFO     2022-06-29 19:22:51.754 - 172.21.0.6:46174 - "POST /tarefa2/ HTTP/1.1" 201
INFO     2022-06-29 19:22:51.762 - 172.21.0.6:46174 - "OPTIONS /tarefa2/status/ad6d74a4-1b01-4e62-b924-8eef2f3b7ede HTTP/1.1" 200
INFO     2022-06-29 19:22:51.769 - 172.21.0.6:46174 - "GET /tarefa2/status/ad6d74a4-1b01-4e62-b924-8eef2f3b7ede HTTP/1.1" 200
INFO     2022-06-29 19:22:52.779 - 172.21.0.6:46174 - "GET /tarefa2/status/ad6d74a4-1b01-4e62-b924-8eef2f3b7ede HTTP/1.1" 200
INFO     2022-06-29 19:22:53.794 - 172.21.0.6:46174 - "GET /tarefa2/status/ad6d74a4-1b01-4e62-b924-8eef2f3b7ede HTTP/1.1" 200
INFO     2022-06-29 19:22:54.813 - 172.21.0.6:46174 - "GET /tarefa2/status/ad6d74a4-1b01-4e62-b924-8eef2f3b7ede HTTP/1.1" 200
INFO     2022-06-29 19:22:55.837 - 172.21.0.6:46174 - "GET /tarefa2/status/ad6d74a4-1b01-4e62-b924-8eef2f3b7ede HTTP/1.1" 200
INFO     2022-06-29 19:22:56.861 - 172.21.0.6:46174 - "GET /tarefa2/status/ad6d74a4-1b01-4e62-b924-8eef2f3b7ede HTTP/1.1" 200
INFO     2022-06-29 19:22:57.875 - 172.21.0.6:46174 - "GET /tarefa2/status/ad6d74a4-1b01-4e62-b924-8eef2f3b7ede HTTP/1.1" 200
INFO     2022-06-29 19:23:03.332 - 172.21.0.6:46176 - "POST /tarefa2 HTTP/1.1" 307
INFO     2022-06-29 19:23:03.350 - 172.21.0.6:46176 - "POST /tarefa2/ HTTP/1.1" 201
INFO     2022-06-29 19:23:03.359 - 172.21.0.6:46176 - "OPTIONS /tarefa2/status/759f6c26-1c42-4487-a753-4ff9151cea66 HTTP/1.1" 200
INFO     2022-06-29 19:23:03.367 - 172.21.0.6:46176 - "GET /tarefa2/status/759f6c26-1c42-4487-a753-4ff9151cea66 HTTP/1.1" 200
INFO     2022-06-29 19:23:04.385 - 172.21.0.6:46176 - "GET /tarefa2/status/759f6c26-1c42-4487-a753-4ff9151cea66 HTTP/1.1" 200
INFO     2022-06-29 19:23:05.399 - 172.21.0.6:46176 - "GET /tarefa2/status/759f6c26-1c42-4487-a753-4ff9151cea66 HTTP/1.1" 200
INFO     2022-06-29 19:23:06.418 - 172.21.0.6:46176 - "GET /tarefa2/status/759f6c26-1c42-4487-a753-4ff9151cea66 HTTP/1.1" 200
INFO     2022-06-29 19:23:07.436 - 172.21.0.6:46176 - "GET /tarefa2/status/759f6c26-1c42-4487-a753-4ff9151cea66 HTTP/1.1" 200
INFO     2022-06-29 19:23:08.447 - 172.21.0.6:46176 - "GET /tarefa2/status/759f6c26-1c42-4487-a753-4ff9151cea66 HTTP/1.1" 200
INFO     2022-06-29 19:23:09.464 - 172.21.0.6:46176 - "GET /tarefa2/status/759f6c26-1c42-4487-a753-4ff9151cea66 HTTP/1.1" 200
INFO     2022-06-29 19:23:11.961 - 172.21.0.6:46176 - "POST /tarefa2 HTTP/1.1" 307
INFO     2022-06-29 19:23:11.970 - 172.21.0.6:46176 - "POST /tarefa2/ HTTP/1.1" 201
INFO     2022-06-29 19:23:11.978 - 172.21.0.6:46176 - "OPTIONS /tarefa2/status/b092795b-62d2-4ee4-b6b1-0258997bec50 HTTP/1.1" 200
INFO     2022-06-29 19:23:11.984 - 172.21.0.6:46176 - "GET /tarefa2/status/b092795b-62d2-4ee4-b6b1-0258997bec50 HTTP/1.1" 200
INFO     2022-06-29 19:23:12.993 - 172.21.0.6:46176 - "GET /tarefa2/status/b092795b-62d2-4ee4-b6b1-0258997bec50 HTTP/1.1" 200
INFO     2022-06-29 19:23:14.004 - 172.21.0.6:46176 - "GET /tarefa2/status/b092795b-62d2-4ee4-b6b1-0258997bec50 HTTP/1.1" 200
INFO     2022-06-29 19:23:15.029 - 172.21.0.6:46176 - "GET /tarefa2/status/b092795b-62d2-4ee4-b6b1-0258997bec50 HTTP/1.1" 200
INFO     2022-06-29 19:23:16.044 - 172.21.0.6:46176 - "GET /tarefa2/status/b092795b-62d2-4ee4-b6b1-0258997bec50 HTTP/1.1" 200
INFO     2022-06-29 19:23:17.059 - 172.21.0.6:46176 - "GET /tarefa2/status/b092795b-62d2-4ee4-b6b1-0258997bec50 HTTP/1.1" 200
INFO     2022-06-29 19:23:18.081 - 172.21.0.6:46176 - "GET /tarefa2/status/b092795b-62d2-4ee4-b6b1-0258997bec50 HTTP/1.1" 200
INFO     2022-06-29 19:23:22.641 - 172.21.0.6:46176 - "POST /tarefa2 HTTP/1.1" 307
INFO     2022-06-29 19:23:22.650 - 172.21.0.6:46176 - "POST /tarefa2/ HTTP/1.1" 201
INFO     2022-06-29 19:23:22.657 - 172.21.0.6:46176 - "OPTIONS /tarefa2/status/53db040f-a217-4081-ac32-5ed2dde187ba HTTP/1.1" 200
INFO     2022-06-29 19:23:22.664 - 172.21.0.6:46176 - "GET /tarefa2/status/53db040f-a217-4081-ac32-5ed2dde187ba HTTP/1.1" 200
INFO     2022-06-29 19:23:23.677 - 172.21.0.6:46176 - "GET /tarefa2/status/53db040f-a217-4081-ac32-5ed2dde187ba HTTP/1.1" 200
INFO     2022-06-29 19:23:24.688 - 172.21.0.6:46176 - "GET /tarefa2/status/53db040f-a217-4081-ac32-5ed2dde187ba HTTP/1.1" 200
INFO     2022-06-29 19:23:25.709 - 172.21.0.6:46176 - "GET /tarefa2/status/53db040f-a217-4081-ac32-5ed2dde187ba HTTP/1.1" 200
INFO     2022-06-29 19:23:26.722 - 172.21.0.6:46176 - "GET /tarefa2/status/53db040f-a217-4081-ac32-5ed2dde187ba HTTP/1.1" 200
INFO     2022-06-29 19:23:28.339 - 172.21.0.6:46176 - "GET /tarefa2/status/53db040f-a217-4081-ac32-5ed2dde187ba HTTP/1.1" 200
INFO     2022-06-29 19:23:30.328 - 172.21.0.6:46176 - "GET /tarefa2/status/53db040f-a217-4081-ac32-5ed2dde187ba HTTP/1.1" 200
INFO     2022-06-29 19:23:44.048 - 172.21.0.6:46198 - "POST /tarefa2 HTTP/1.1" 307
INFO     2022-06-29 19:23:44.057 - 172.21.0.6:46198 - "POST /tarefa2/ HTTP/1.1" 201
INFO     2022-06-29 19:23:44.065 - 172.21.0.6:46198 - "OPTIONS /tarefa2/status/41c66823-417c-4b3e-b5b3-5abb9e32624c HTTP/1.1" 200
INFO     2022-06-29 19:23:44.071 - 172.21.0.6:46198 - "GET /tarefa2/status/41c66823-417c-4b3e-b5b3-5abb9e32624c HTTP/1.1" 200
INFO     2022-06-29 19:23:45.090 - 172.21.0.6:46198 - "GET /tarefa2/status/41c66823-417c-4b3e-b5b3-5abb9e32624c HTTP/1.1" 200
INFO     2022-06-29 19:23:46.108 - 172.21.0.6:46198 - "GET /tarefa2/status/41c66823-417c-4b3e-b5b3-5abb9e32624c HTTP/1.1" 200
INFO     2022-06-29 19:23:47.131 - 172.21.0.6:46198 - "GET /tarefa2/status/41c66823-417c-4b3e-b5b3-5abb9e32624c HTTP/1.1" 200
INFO     2022-06-29 19:23:48.147 - 172.21.0.6:46198 - "GET /tarefa2/status/41c66823-417c-4b3e-b5b3-5abb9e32624c HTTP/1.1" 200
INFO     2022-06-29 19:23:49.164 - 172.21.0.6:46198 - "GET /tarefa2/status/41c66823-417c-4b3e-b5b3-5abb9e32624c HTTP/1.1" 200
INFO     2022-06-29 19:23:50.177 - 172.21.0.6:46198 - "GET /tarefa2/status/41c66823-417c-4b3e-b5b3-5abb9e32624c HTTP/1.1" 200
INFO     2022-06-29 19:23:51.265 - 172.21.0.6:46198 - "POST /tarefa2 HTTP/1.1" 307
INFO     2022-06-29 19:23:51.273 - 172.21.0.6:46198 - "POST /tarefa2/ HTTP/1.1" 201
INFO     2022-06-29 19:23:51.283 - 172.21.0.6:46198 - "OPTIONS /tarefa2/status/60fa87ba-b2d9-4cde-994f-030434bde3a3 HTTP/1.1" 200
INFO     2022-06-29 19:23:51.289 - 172.21.0.6:46198 - "GET /tarefa2/status/60fa87ba-b2d9-4cde-994f-030434bde3a3 HTTP/1.1" 200
INFO     2022-06-29 19:23:52.300 - 172.21.0.6:46198 - "GET /tarefa2/status/60fa87ba-b2d9-4cde-994f-030434bde3a3 HTTP/1.1" 200
INFO     2022-06-29 19:23:53.311 - 172.21.0.6:46198 - "GET /tarefa2/status/60fa87ba-b2d9-4cde-994f-030434bde3a3 HTTP/1.1" 200
INFO     2022-06-29 19:23:54.320 - 172.21.0.6:46198 - "GET /tarefa2/status/60fa87ba-b2d9-4cde-994f-030434bde3a3 HTTP/1.1" 200
INFO     2022-06-29 19:23:55.331 - 172.21.0.6:46198 - "GET /tarefa2/status/60fa87ba-b2d9-4cde-994f-030434bde3a3 HTTP/1.1" 200
INFO     2022-06-29 19:23:56.347 - 172.21.0.6:46198 - "GET /tarefa2/status/60fa87ba-b2d9-4cde-994f-030434bde3a3 HTTP/1.1" 200
INFO     2022-06-29 19:23:57.370 - 172.21.0.6:46198 - "GET /tarefa2/status/60fa87ba-b2d9-4cde-994f-030434bde3a3 HTTP/1.1" 200
INFO     2022-06-29 19:24:02.048 - 172.21.0.6:46198 - "POST /tarefa2 HTTP/1.1" 307
INFO     2022-06-29 19:24:02.055 - 172.21.0.6:46198 - "POST /tarefa2/ HTTP/1.1" 201
INFO     2022-06-29 19:24:02.064 - 172.21.0.6:46198 - "OPTIONS /tarefa2/status/a2ac46b8-4782-45c2-afac-c84306708cfd HTTP/1.1" 200
INFO     2022-06-29 19:24:02.069 - 172.21.0.6:46198 - "GET /tarefa2/status/a2ac46b8-4782-45c2-afac-c84306708cfd HTTP/1.1" 200
INFO     2022-06-29 19:24:03.093 - 172.21.0.6:46198 - "GET /tarefa2/status/a2ac46b8-4782-45c2-afac-c84306708cfd HTTP/1.1" 200
INFO     2022-06-29 19:24:04.108 - 172.21.0.6:46198 - "GET /tarefa2/status/a2ac46b8-4782-45c2-afac-c84306708cfd HTTP/1.1" 200
INFO     2022-06-29 19:24:05.335 - 172.21.0.6:46198 - "GET /tarefa2/status/a2ac46b8-4782-45c2-afac-c84306708cfd HTTP/1.1" 200
INFO     2022-06-29 19:24:07.327 - 172.21.0.6:46198 - "GET /tarefa2/status/a2ac46b8-4782-45c2-afac-c84306708cfd HTTP/1.1" 200
INFO     2022-06-29 19:24:09.333 - 172.21.0.6:46198 - "GET /tarefa2/status/a2ac46b8-4782-45c2-afac-c84306708cfd HTTP/1.1" 200
INFO     2022-06-29 19:33:25.009 - 172.21.0.6:46272 - "OPTIONS /tarefa1 HTTP/1.1" 200
INFO     2022-06-29 19:33:25.015 - 172.21.0.6:46272 - "POST /tarefa1 HTTP/1.1" 307
INFO     2022-06-29 19:33:25.020 - 172.21.0.6:46272 - "OPTIONS /tarefa1/ HTTP/1.1" 200
INFO     2022-06-29 19:33:25.029 - 172.21.0.6:46272 - "POST /tarefa1/ HTTP/1.1" 201
INFO     2022-06-29 19:33:25.036 - 172.21.0.6:46272 - "OPTIONS /tarefa1/status/eaf3fefd-8636-4c84-93c8-c64e56045752 HTTP/1.1" 200
INFO     2022-06-29 19:33:25.041 - 172.21.0.6:46272 - "GET /tarefa1/status/eaf3fefd-8636-4c84-93c8-c64e56045752 HTTP/1.1" 200
INFO     2022-06-29 19:33:26.055 - 172.21.0.6:46272 - "GET /tarefa1/status/eaf3fefd-8636-4c84-93c8-c64e56045752 HTTP/1.1" 200
INFO     2022-06-29 19:33:27.070 - 172.21.0.6:46272 - "GET /tarefa1/status/eaf3fefd-8636-4c84-93c8-c64e56045752 HTTP/1.1" 200
INFO     2022-06-29 19:33:28.082 - 172.21.0.6:46272 - "GET /tarefa1/status/eaf3fefd-8636-4c84-93c8-c64e56045752 HTTP/1.1" 200
INFO     2022-06-29 19:33:29.107 - 172.21.0.6:46272 - "GET /tarefa1/status/eaf3fefd-8636-4c84-93c8-c64e56045752 HTTP/1.1" 200
INFO     2022-06-29 19:33:30.138 - 172.21.0.6:46272 - "GET /tarefa1/status/eaf3fefd-8636-4c84-93c8-c64e56045752 HTTP/1.1" 200
INFO     2022-06-29 19:33:31.158 - 172.21.0.6:46272 - "GET /tarefa1/status/eaf3fefd-8636-4c84-93c8-c64e56045752 HTTP/1.1" 200
INFO     2022-06-29 19:33:32.175 - 172.21.0.6:46272 - "GET /tarefa1/status/eaf3fefd-8636-4c84-93c8-c64e56045752 HTTP/1.1" 200
INFO     2022-06-29 19:33:33.195 - 172.21.0.6:46272 - "GET /tarefa1/status/eaf3fefd-8636-4c84-93c8-c64e56045752 HTTP/1.1" 200
INFO     2022-06-29 19:33:34.219 - 172.21.0.6:46272 - "GET /tarefa1/status/eaf3fefd-8636-4c84-93c8-c64e56045752 HTTP/1.1" 200
INFO     2022-06-29 19:33:35.238 - 172.21.0.6:46272 - "GET /tarefa1/status/eaf3fefd-8636-4c84-93c8-c64e56045752 HTTP/1.1" 200
INFO     2022-06-29 19:33:36.260 - 172.21.0.6:46272 - "GET /tarefa1/status/eaf3fefd-8636-4c84-93c8-c64e56045752 HTTP/1.1" 200
INFO     2022-06-29 19:33:37.283 - 172.21.0.6:46272 - "GET /tarefa1/status/eaf3fefd-8636-4c84-93c8-c64e56045752 HTTP/1.1" 200
INFO     2022-06-30 02:00:40.187 - Shutting down
INFO     2022-06-30 02:00:40.211 - Shutting down
INFO     2022-06-30 02:00:40.212 - Shutting down
INFO     2022-06-30 02:00:40.317 - Waiting for application shutdown.
INFO     2022-06-30 02:00:40.319 - Waiting for application shutdown.
INFO     2022-06-30 02:00:40.320 - Waiting for application shutdown.
INFO     2022-06-30 02:00:40.336 - Application shutdown complete.
INFO     2022-06-30 02:00:40.337 - Application shutdown complete.
INFO     2022-06-30 02:00:40.337 - Application shutdown complete.
INFO     2022-06-30 02:00:40.342 - Finished server process [8]
INFO     2022-06-30 02:00:40.343 - Finished server process [8]
INFO     2022-06-30 02:00:40.344 - Finished server process [8]
